<?xml version="1.0" encoding="UTF-8"?>
<testsuite name="gamq.recaudaciones.matadero.MataderoApplicationTests" tests="1" skipped="0" failures="0" errors="0" timestamp="2025-12-30T14:27:50" hostname="LAPTOP-48M5EHMJ" time="0.22">
  <properties/>
  <testcase name="contextLoads()" classname="gamq.recaudaciones.matadero.MataderoApplicationTests" time="0.22"/>
  <system-out><![CDATA[10:27:44.137 [Test worker] DEBUG org.springframework.test.context.BootstrapUtils - Instantiating CacheAwareContextLoaderDelegate from class [org.springframework.test.context.cache.DefaultCacheAwareContextLoaderDelegate]
10:27:44.145 [Test worker] DEBUG org.springframework.test.context.BootstrapUtils - Instantiating BootstrapContext using constructor [public org.springframework.test.context.support.DefaultBootstrapContext(java.lang.Class,org.springframework.test.context.CacheAwareContextLoaderDelegate)]
10:27:44.175 [Test worker] DEBUG org.springframework.test.context.BootstrapUtils - Instantiating TestContextBootstrapper for test class [gamq.recaudaciones.matadero.MataderoApplicationTests] from class [org.springframework.boot.test.context.SpringBootTestContextBootstrapper]
10:27:44.188 [Test worker] INFO org.springframework.boot.test.context.SpringBootTestContextBootstrapper - Neither @ContextConfiguration nor @ContextHierarchy found for test class [gamq.recaudaciones.matadero.MataderoApplicationTests], using SpringBootContextLoader
10:27:44.196 [Test worker] DEBUG org.springframework.test.context.support.AbstractContextLoader - Did not detect default resource location for test class [gamq.recaudaciones.matadero.MataderoApplicationTests]: class path resource [gamq/recaudaciones/matadero/MataderoApplicationTests-context.xml] does not exist
10:27:44.196 [Test worker] DEBUG org.springframework.test.context.support.AbstractContextLoader - Did not detect default resource location for test class [gamq.recaudaciones.matadero.MataderoApplicationTests]: class path resource [gamq/recaudaciones/matadero/MataderoApplicationTestsContext.groovy] does not exist
10:27:44.196 [Test worker] INFO org.springframework.test.context.support.AbstractContextLoader - Could not detect default resource locations for test class [gamq.recaudaciones.matadero.MataderoApplicationTests]: no resource found for suffixes {-context.xml, Context.groovy}.
10:27:44.196 [Test worker] INFO org.springframework.test.context.support.AnnotationConfigContextLoaderUtils - Could not detect default configuration classes for test class [gamq.recaudaciones.matadero.MataderoApplicationTests]: MataderoApplicationTests does not declare any static, non-private, non-final, nested classes annotated with @Configuration.
10:27:44.235 [Test worker] DEBUG org.springframework.test.context.support.ActiveProfilesUtils - Could not find an 'annotation declaring class' for annotation type [org.springframework.test.context.ActiveProfiles] and class [gamq.recaudaciones.matadero.MataderoApplicationTests]
10:27:44.290 [Test worker] DEBUG org.springframework.context.annotation.ClassPathScanningCandidateComponentProvider - Identified candidate component class: file [D:\GAMQ PROJECTS\gamq-matadero\matadero-be\build\classes\java\main\gamq\recaudaciones\matadero\MataderoApplication.class]
10:27:44.290 [Test worker] INFO org.springframework.boot.test.context.SpringBootTestContextBootstrapper - Found @SpringBootConfiguration gamq.recaudaciones.matadero.MataderoApplication for test class gamq.recaudaciones.matadero.MataderoApplicationTests
10:27:44.392 [Test worker] DEBUG org.springframework.boot.test.context.SpringBootTestContextBootstrapper - @TestExecutionListeners is not present for class [gamq.recaudaciones.matadero.MataderoApplicationTests]: using defaults.
10:27:44.392 [Test worker] INFO org.springframework.boot.test.context.SpringBootTestContextBootstrapper - Loaded default TestExecutionListener class names from location [META-INF/spring.factories]: [org.springframework.boot.test.autoconfigure.restdocs.RestDocsTestExecutionListener, org.springframework.boot.test.autoconfigure.web.client.MockRestServiceServerResetTestExecutionListener, org.springframework.boot.test.autoconfigure.web.servlet.MockMvcPrintOnlyOnFailureTestExecutionListener, org.springframework.boot.test.autoconfigure.web.servlet.WebDriverTestExecutionListener, org.springframework.boot.test.autoconfigure.webservices.client.MockWebServiceServerTestExecutionListener, org.springframework.boot.test.mock.mockito.MockitoTestExecutionListener, org.springframework.boot.test.mock.mockito.ResetMocksTestExecutionListener, org.springframework.test.context.web.ServletTestExecutionListener, org.springframework.test.context.support.DirtiesContextBeforeModesTestExecutionListener, org.springframework.test.context.event.ApplicationEventsTestExecutionListener, org.springframework.test.context.support.DependencyInjectionTestExecutionListener, org.springframework.test.context.support.DirtiesContextTestExecutionListener, org.springframework.test.context.transaction.TransactionalTestExecutionListener, org.springframework.test.context.jdbc.SqlScriptsTestExecutionListener, org.springframework.test.context.event.EventPublishingTestExecutionListener]
10:27:44.408 [Test worker] INFO org.springframework.boot.test.context.SpringBootTestContextBootstrapper - Using TestExecutionListeners: [org.springframework.test.context.web.ServletTestExecutionListener@523424b5, org.springframework.test.context.support.DirtiesContextBeforeModesTestExecutionListener@2baa8d82, org.springframework.test.context.event.ApplicationEventsTestExecutionListener@319dead1, org.springframework.boot.test.mock.mockito.MockitoTestExecutionListener@791cbf87, org.springframework.boot.test.autoconfigure.SpringBootDependencyInjectionTestExecutionListener@a7e2d9d, org.springframework.test.context.support.DirtiesContextTestExecutionListener@754777cd, org.springframework.test.context.transaction.TransactionalTestExecutionListener@2b52c0d6, org.springframework.test.context.jdbc.SqlScriptsTestExecutionListener@372ea2bc, org.springframework.test.context.event.EventPublishingTestExecutionListener@4cc76301, org.springframework.boot.test.autoconfigure.restdocs.RestDocsTestExecutionListener@2f08c4b, org.springframework.boot.test.autoconfigure.web.client.MockRestServiceServerResetTestExecutionListener@3f19b8b3, org.springframework.boot.test.autoconfigure.web.servlet.MockMvcPrintOnlyOnFailureTestExecutionListener@7de0c6ae, org.springframework.boot.test.autoconfigure.web.servlet.WebDriverTestExecutionListener@a486d78, org.springframework.boot.test.autoconfigure.webservices.client.MockWebServiceServerTestExecutionListener@cdc3aae, org.springframework.boot.test.mock.mockito.ResetMocksTestExecutionListener@7ef2d7a6]
10:27:44.410 [Test worker] DEBUG org.springframework.test.context.support.AbstractDirtiesContextTestExecutionListener - Before test class: context [DefaultTestContext@32fe9d0a testClass = MataderoApplicationTests, testInstance = [null], testMethod = [null], testException = [null], mergedContextConfiguration = [WebMergedContextConfiguration@c9413d8 testClass = MataderoApplicationTests, locations = '{}', classes = '{class gamq.recaudaciones.matadero.MataderoApplication}', contextInitializerClasses = '[]', activeProfiles = '{}', propertySourceLocations = '{}', propertySourceProperties = '{org.springframework.boot.test.context.SpringBootTestContextBootstrapper=true}', contextCustomizers = set[org.springframework.boot.test.autoconfigure.actuate.metrics.MetricsExportContextCustomizerFactory$DisableMetricExportContextCustomizer@33b1c5c5, org.springframework.boot.test.autoconfigure.properties.PropertyMappingContextCustomizer@0, org.springframework.boot.test.autoconfigure.web.servlet.WebDriverContextCustomizerFactory$Customizer@5f9678e1, org.springframework.boot.test.context.filter.ExcludeFilterContextCustomizer@112f364d, org.springframework.boot.test.json.DuplicateJsonObjectContextCustomizerFactory$DuplicateJsonObjectContextCustomizer@3243b914, org.springframework.boot.test.mock.mockito.MockitoContextCustomizer@0, org.springframework.boot.test.web.client.TestRestTemplateContextCustomizer@2807bdeb, org.springframework.boot.test.context.SpringBootTestArgs@1, org.springframework.boot.test.context.SpringBootTestWebEnvironment@1a6d8329], resourceBasePath = 'src/main/webapp', contextLoader = 'org.springframework.boot.test.context.SpringBootContextLoader', parent = [null]], attributes = map['org.springframework.test.context.web.ServletTestExecutionListener.activateListener' -> true]], class annotated with @DirtiesContext [false] with mode [null].

  .   ____          _            __ _ _
 /\\ / ___'_ __ _ _(_)_ __  __ _ \ \ \ \
( ( )\___ | '_ | '_| | '_ \/ _` | \ \ \ \
 \\/  ___)| |_)| | | | | || (_| |  ) ) ) )
  '  |____| .__|_| |_|_| |_\__, | / / / /
 =========|_|==============|___/=/_/_/_/
 :: Spring Boot ::               (v2.7.15)

2025-12-30 10:27:44.712  INFO 948 --- [    Test worker] g.r.matadero.MataderoApplicationTests    : Starting MataderoApplicationTests using Java 17.0.15 on LAPTOP-48M5EHMJ with PID 948 (started by LENOVO in D:\GAMQ PROJECTS\gamq-matadero\matadero-be)
2025-12-30 10:27:44.716  INFO 948 --- [    Test worker] g.r.matadero.MataderoApplicationTests    : No active profile set, falling back to 1 default profile: "default"
2025-12-30 10:27:45.486  INFO 948 --- [    Test worker] .s.d.r.c.RepositoryConfigurationDelegate : Bootstrapping Spring Data JPA repositories in DEFAULT mode.
2025-12-30 10:27:45.576  INFO 948 --- [    Test worker] .s.d.r.c.RepositoryConfigurationDelegate : Finished Spring Data repository scanning in 81 ms. Found 6 JPA repository interfaces.
2025-12-30 10:27:46.145  INFO 948 --- [    Test worker] o.hibernate.jpa.internal.util.LogHelper  : HHH000204: Processing PersistenceUnitInfo [name: default]
2025-12-30 10:27:46.201  INFO 948 --- [    Test worker] org.hibernate.Version                    : HHH000412: Hibernate ORM core version 5.6.15.Final
2025-12-30 10:27:46.356  INFO 948 --- [    Test worker] o.hibernate.annotations.common.Version   : HCANN000001: Hibernate Commons Annotations {5.1.2.Final}
2025-12-30 10:27:46.485  INFO 948 --- [    Test worker] com.zaxxer.hikari.HikariDataSource       : HikariPool-1 - Starting...
2025-12-30 10:27:46.746  INFO 948 --- [    Test worker] com.zaxxer.hikari.HikariDataSource       : HikariPool-1 - Start completed.
2025-12-30 10:27:46.778  INFO 948 --- [    Test worker] org.hibernate.dialect.Dialect            : HHH000400: Using dialect: org.hibernate.dialect.PostgreSQL10Dialect
2025-12-30 10:27:47.786  INFO 948 --- [    Test worker] o.h.e.t.j.p.i.JtaPlatformInitiator       : HHH000490: Using JtaPlatform implementation: [org.hibernate.engine.transaction.jta.platform.internal.NoJtaPlatform]
2025-12-30 10:27:47.786  INFO 948 --- [    Test worker] j.LocalContainerEntityManagerFactoryBean : Initialized JPA EntityManagerFactory for persistence unit 'default'
2025-12-30 10:27:48.536  INFO 948 --- [    Test worker] f.a.AutowiredAnnotationBeanPostProcessor : Autowired annotation is not supported on static fields: private static gamq.recaudaciones.matadero.Repository.CategoriaRepository gamq.recaudaciones.matadero.Dto.Mapper.SolicitudMapper.categoriaRepository
2025-12-30 10:27:48.967  WARN 948 --- [    Test worker] JpaBaseConfiguration$JpaWebConfiguration : spring.jpa.open-in-view is enabled by default. Therefore, database queries may be performed during view rendering. Explicitly configure spring.jpa.open-in-view to disable this warning
2025-12-30 10:27:50.569  INFO 948 --- [    Test worker] g.r.matadero.MataderoApplicationTests    : Started MataderoApplicationTests in 6.119 seconds (JVM running for 7.252)
]]></system-out>
  <system-err><![CDATA[]]></system-err>
</testsuite>
